C:\USERS\BOUNDLESS\DOCUMENTS\VISUAL STUDIO 2010\PROJECTS\EXPORTRSA\DEBUG\EXPORTRSA.EXE
C:\USERS\BOUNDLESS\DOCUMENTS\VISUAL STUDIO 2010\PROJECTS\EXPORTRSA\DEBUG\EXPORTRSA.ILK
C:\USERS\BOUNDLESS\DOCUMENTS\VISUAL STUDIO 2010\PROJECTS\EXPORTRSA\DEBUG\EXPORTRSA.PDB
c:\Users\boundless\documents\visual studio 2010\Projects\exportrsa\exportrsa\Debug\cl.command.1.tlog
c:\Users\boundless\documents\visual studio 2010\Projects\exportrsa\exportrsa\Debug\CL.read.1.tlog
c:\Users\boundless\documents\visual studio 2010\Projects\exportrsa\exportrsa\Debug\CL.write.1.tlog
C:\USERS\BOUNDLESS\DOCUMENTS\VISUAL STUDIO 2010\PROJECTS\EXPORTRSA\EXPORTRSA\DEBUG\EXPORTRSA.EXE.EMBED.MANIFEST
C:\USERS\BOUNDLESS\DOCUMENTS\VISUAL STUDIO 2010\PROJECTS\EXPORTRSA\EXPORTRSA\DEBUG\EXPORTRSA.EXE.EMBED.MANIFEST.RES
C:\USERS\BOUNDLESS\DOCUMENTS\VISUAL STUDIO 2010\PROJECTS\EXPORTRSA\EXPORTRSA\DEBUG\EXPORTRSA.EXE.INTERMEDIATE.MANIFEST
C:\USERS\BOUNDLESS\DOCUMENTS\VISUAL STUDIO 2010\PROJECTS\EXPORTRSA\EXPORTRSA\DEBUG\EXPORTRSA.OBJ
C:\USERS\BOUNDLESS\DOCUMENTS\VISUAL STUDIO 2010\PROJECTS\EXPORTRSA\EXPORTRSA\DEBUG\EXPORTRSA.PCH
c:\Users\boundless\documents\visual studio 2010\Projects\exportrsa\exportrsa\Debug\exportrsa.vcxprojResolveAssemblyReference.cache
c:\Users\boundless\documents\visual studio 2010\Projects\exportrsa\exportrsa\Debug\exportrsa.write.1.tlog
c:\Users\boundless\documents\visual studio 2010\Projects\exportrsa\exportrsa\Debug\exportrsa_manifest.rc
c:\Users\boundless\documents\visual studio 2010\Projects\exportrsa\exportrsa\Debug\link.1052.read.1.tlog
c:\Users\boundless\documents\visual studio 2010\Projects\exportrsa\exportrsa\Debug\link.1052.write.1.tlog
c:\Users\boundless\documents\visual studio 2010\Projects\exportrsa\exportrsa\Debug\link.1052-cvtres.read.1.tlog
c:\Users\boundless\documents\visual studio 2010\Projects\exportrsa\exportrsa\Debug\link.1052-cvtres.write.1.tlog
c:\Users\boundless\documents\visual studio 2010\Projects\exportrsa\exportrsa\Debug\link.command.1.tlog
c:\Users\boundless\documents\visual studio 2010\Projects\exportrsa\exportrsa\Debug\link.read.1.tlog
c:\Users\boundless\documents\visual studio 2010\Projects\exportrsa\exportrsa\Debug\link.write.1.tlog
c:\Users\boundless\documents\visual studio 2010\Projects\exportrsa\exportrsa\Debug\link-cvtres.read.1.tlog
c:\Users\boundless\documents\visual studio 2010\Projects\exportrsa\exportrsa\Debug\link-cvtres.write.1.tlog
c:\Users\boundless\documents\visual studio 2010\Projects\exportrsa\exportrsa\Debug\mt.command.1.tlog
c:\Users\boundless\documents\visual studio 2010\Projects\exportrsa\exportrsa\Debug\mt.read.1.tlog
c:\Users\boundless\documents\visual studio 2010\Projects\exportrsa\exportrsa\Debug\mt.write.1.tlog
c:\Users\boundless\documents\visual studio 2010\Projects\exportrsa\exportrsa\Debug\rc.command.1.tlog
c:\Users\boundless\documents\visual studio 2010\Projects\exportrsa\exportrsa\Debug\rc.read.1.tlog
c:\Users\boundless\documents\visual studio 2010\Projects\exportrsa\exportrsa\Debug\rc.write.1.tlog
C:\USERS\BOUNDLESS\DOCUMENTS\VISUAL STUDIO 2010\PROJECTS\EXPORTRSA\EXPORTRSA\DEBUG\STDAFX.OBJ
c:\Users\boundless\documents\visual studio 2010\Projects\exportrsa\exportrsa\Debug\vc100.idb
C:\USERS\BOUNDLESS\DOCUMENTS\VISUAL STUDIO 2010\PROJECTS\EXPORTRSA\EXPORTRSA\DEBUG\VC100.PDB
